<?xml version="1.0" encoding="UTF-8"?>
<!-- Generated by org.testng.reporters.JUnitReportReporter -->
<testsuite skipped="0" hostname="DESKTOP-COB6AE8" name="testingPCcatalog.TestDownloadErrorMSG" tests="2" failures="0" timestamp="2020-02-22T22:00:55 EST" time="16.339" errors="0">
  <testcase name="f" time="8.284" classname="testingPCcatalog.TestDownloadErrorMSG"/>
  <testcase name="f" time="8.055" classname="testingPCcatalog.TestDownloadErrorMSG"/>
</testsuite> <!-- testingPCcatalog.TestDownloadErrorMSG -->
